<?xml version="1.0" encoding="UTF-8"?>
<!-- Generated by org.testng.reporters.JUnitReportReporter -->
<testsuite hostname="Canwill" failures="0" tests="1" name="extent.extentDemo" time="10.033" errors="0" timestamp="2024-05-28T09:35:15 IST" skipped="0">
  <testcase classname="extent.extentDemo" name="loginTest" time="10.033"/>
  <system-out/>
</testsuite> <!-- extent.extentDemo -->
